<component name="libraryTable">
  <library name="junit-4.121">
    <CLASSES>
      <root url="jar://$PROJECT_DIR$/../junit-4.12.jar!/" />
      <root url="jar://$PROJECT_DIR$/../mockito-all-2.0.2-beta.jar!/" />
    </CLASSES>
    <JAVADOC />
    <SOURCES>
      <root url="jar://$PROJECT_DIR$/../mockito-all-2.0.2-beta.jar!/" />
    </SOURCES>
  </library>
</component>